<?xml version="1.0" encoding="UTF-8" ?>
<testsuite tests="4" failures="0" name="com.guillen.gamarrapp.dao.TiendaDAOTest" time="0.464" errors="0" skipped="0">
  <properties>
    <property name="java.runtime.name" value="Java(TM) SE Runtime Environment"/>
    <property name="sun.boot.library.path" value="/home/guillen/Documents/jdk/jre/lib/amd64"/>
    <property name="java.vm.version" value="25.131-b11"/>
    <property name="java.vm.vendor" value="Oracle Corporation"/>
    <property name="maven.multiModuleProjectDirectory" value="/root/Documents/workspace-sts-3.9.0.RELEASE/Gamarrapp/gamarrapp"/>
    <property name="java.vendor.url" value="http://java.oracle.com/"/>
    <property name="path.separator" value=":"/>
    <property name="guice.disable.misplaced.annotation.check" value="true"/>
    <property name="java.vm.name" value="Java HotSpot(TM) 64-Bit Server VM"/>
    <property name="file.encoding.pkg" value="sun.io"/>
    <property name="user.country" value="US"/>
    <property name="sun.java.launcher" value="SUN_STANDARD"/>
    <property name="sun.os.patch.level" value="unknown"/>
    <property name="java.vm.specification.name" value="Java Virtual Machine Specification"/>
    <property name="user.dir" value="/root/Documents/workspace-sts-3.9.0.RELEASE/Gamarrapp/gamarrapp"/>
    <property name="java.runtime.version" value="1.8.0_131-b11"/>
    <property name="java.awt.graphicsenv" value="sun.awt.X11GraphicsEnvironment"/>
    <property name="java.endorsed.dirs" value="/home/guillen/Documents/jdk/jre/lib/endorsed"/>
    <property name="os.arch" value="amd64"/>
    <property name="java.io.tmpdir" value="/tmp"/>
    <property name="line.separator" value="
"/>
    <property name="java.vm.specification.vendor" value="Oracle Corporation"/>
    <property name="os.name" value="Linux"/>
    <property name="classworlds.conf" value="/root/Documents/workspace-sts-3.9.0.RELEASE/Gamarrapp/.metadata/.plugins/org.eclipse.m2e.launching/launches/m2conf8460010803045451858.tmp"/>
    <property name="sun.jnu.encoding" value="UTF-8"/>
    <property name="java.library.path" value="/usr/java/packages/lib/amd64:/usr/lib64:/lib64:/lib:/usr/lib"/>
    <property name="java.specification.name" value="Java Platform API Specification"/>
    <property name="java.class.version" value="52.0"/>
    <property name="sun.management.compiler" value="HotSpot 64-Bit Tiered Compilers"/>
    <property name="os.version" value="4.4.0-98-generic"/>
    <property name="user.home" value="/root"/>
    <property name="user.timezone" value="America/Lima"/>
    <property name="java.awt.printerjob" value="sun.print.PSPrinterJob"/>
    <property name="file.encoding" value="UTF-8"/>
    <property name="java.specification.version" value="1.8"/>
    <property name="user.name" value="root"/>
    <property name="java.class.path" value="/home/guillen/SpringSTS/sts-bundle/sts-3.9.0.RELEASE/plugins/org.eclipse.m2e.maven.runtime_1.8.2.20171007-0216/jars/plexus-classworlds-2.5.2.jar"/>
    <property name="java.vm.specification.version" value="1.8"/>
    <property name="sun.arch.data.model" value="64"/>
    <property name="java.home" value="/home/guillen/Documents/jdk/jre"/>
    <property name="sun.java.command" value="org.codehaus.plexus.classworlds.launcher.Launcher -B test"/>
    <property name="java.specification.vendor" value="Oracle Corporation"/>
    <property name="user.language" value="en"/>
    <property name="awt.toolkit" value="sun.awt.X11.XToolkit"/>
    <property name="java.vm.info" value="mixed mode"/>
    <property name="java.version" value="1.8.0_131"/>
    <property name="java.ext.dirs" value="/home/guillen/Documents/jdk/jre/lib/ext:/usr/java/packages/lib/ext"/>
    <property name="securerandom.source" value="file:/dev/./urandom"/>
    <property name="sun.boot.class.path" value="/home/guillen/Documents/jdk/jre/lib/resources.jar:/home/guillen/Documents/jdk/jre/lib/rt.jar:/home/guillen/Documents/jdk/jre/lib/sunrsasign.jar:/home/guillen/Documents/jdk/jre/lib/jsse.jar:/home/guillen/Documents/jdk/jre/lib/jce.jar:/home/guillen/Documents/jdk/jre/lib/charsets.jar:/home/guillen/Documents/jdk/jre/lib/jfr.jar:/home/guillen/Documents/jdk/jre/classes"/>
    <property name="java.vendor" value="Oracle Corporation"/>
    <property name="maven.home" value="/root/Documents/workspace-sts-3.9.0.RELEASE/Gamarrapp/gamarrapp/EMBEDDED"/>
    <property name="file.separator" value="/"/>
    <property name="java.vendor.url.bug" value="http://bugreport.sun.com/bugreport/"/>
    <property name="sun.cpu.endian" value="little"/>
    <property name="sun.io.unicode.encoding" value="UnicodeLittle"/>
    <property name="sun.cpu.isalist" value=""/>
  </properties>
  <testcase classname="com.guillen.gamarrapp.dao.TiendaDAOTest" name="testCreateTienda" time="0.422"/>
  <testcase classname="com.guillen.gamarrapp.dao.TiendaDAOTest" name="testFindEmployeeById" time="0.013"/>
  <testcase classname="com.guillen.gamarrapp.dao.TiendaDAOTest" name="testFindAllTiendas" time="0.019"/>
  <testcase classname="com.guillen.gamarrapp.dao.TiendaDAOTest" name="testFindTiendaByName" time="0.01"/>
</testsuite>